<?xml version="1.0" encoding="UTF-8"?>
<!-- Generated by org.testng.reporters.JUnitReportReporter -->
<testsuite skipped="0" hostname="Ajay3147361" name="JSONTEST" tests="1" failures="0" timestamp="11 Nov 2020 14:43:26 GMT" time="0.009" errors="0">
  <testcase name="testMethod" time="0.009" classname="JSONTEST"/>
</testsuite> <!-- JSONTEST -->
