<?xml version="1.0" encoding="UTF-8"?>
<!-- Generated by org.testng.reporters.JUnitReportReporter -->
<testsuite skipped="1" hostname="Ajay3147361" name="weatherreporttest.WeatherReportTest" tests="2" failures="0" timestamp="12 Nov 2020 05:49:03 GMT" time="89.448" errors="0">
  <testcase name="verifyTempratureSearchOnGUIPhase1" time="89.448" classname="weatherreporttest.WeatherReportTest"/>
  <testcase name="verifyTempratureSearchOnGUIPhase1" classname="weatherreporttest.WeatherReportTest">
    <skipped/>
  </testcase> <!-- verifyTempratureSearchOnGUIPhase1 -->
</testsuite> <!-- weatherreporttest.WeatherReportTest -->
