<?xml version="1.0" encoding="UTF-8"?>
<!-- Generated by org.testng.reporters.JUnitReportReporter -->
<testsuite skipped="1" hostname="Ajay3147361" name="com.mts.test.WeatherReportTest" tests="2" failures="0" timestamp="07 May 2021 08:36:14 GMT" time="100.796" errors="0">
  <testcase name="verifyTempratureSearchOnGUIPhase1" time="100.796" classname="com.mts.test.WeatherReportTest"/>
  <testcase name="verifyTempratureSearchOnGUIPhase1" classname="com.mts.test.WeatherReportTest">
    <skipped/>
  </testcase> <!-- verifyTempratureSearchOnGUIPhase1 -->
</testsuite> <!-- com.mts.test.WeatherReportTest -->
